# JRE version: OpenJDK Runtime Environment (11.0.15) (build 11.0.15+0-b2043.56-8887301)
# Java VM: OpenJDK 64-Bit Server VM (11.0.15+0-b2043.56-8887301, mixed mode, tiered, compressed oops, g1 gc, windows-amd64)
Heap:
 garbage-first heap   total 290816K, used 252461K [0x0000000080000000, 0x0000000100000000)
  region size 1024K, 11 young (11264K), 3 survivors (3072K)
 Metaspace       used 147652K, capacity 151770K, committed 152016K, reserved 1181696K
  class space    used 19201K, capacity 20665K, committed 20768K, reserved 1048576K
GC Heap History (20 events):
Event: 810.770 GC heap before
{Heap before GC invocations=77 (full 0):
 garbage-first heap   total 290816K, used 238042K [0x0000000080000000, 0x0000000100000000)
  region size 1024K, 14 young (14336K), 4 survivors (4096K)
 Metaspace       used 142136K, capacity 146054K, committed 146256K, reserved 1175552K
  class space    used 18632K, capacity 20034K, committed 20128K, reserved 1048576K
}
Event: 810.776 GC heap after
{Heap after GC invocations=78 (full 0):
 garbage-first heap   total 290816K, used 228298K [0x0000000080000000, 0x0000000100000000)
  region size 1024K, 2 young (2048K), 2 survivors (2048K)
 Metaspace       used 142136K, capacity 146054K, committed 146256K, reserved 1175552K
  class space    used 18632K, capacity 20034K, committed 20128K, reserved 1048576K
}
Event: 810.927 GC heap before
{Heap before GC invocations=78 (full 0):
 garbage-first heap   total 290816K, used 253898K [0x0000000080000000, 0x0000000100000000)
  region size 1024K, 27 young (27648K), 2 survivors (2048K)
 Metaspace       used 142157K, capacity 146054K, committed 146256K, reserved 1175552K
  class space    used 18634K, capacity 20034K, committed 20128K, reserved 1048576K
}
Event: 810.933 GC heap after
{Heap after GC invocations=79 (full 0):
 garbage-first heap   total 290816K, used 232365K [0x0000000080000000, 0x0000000100000000)
  region size 1024K, 4 young (4096K), 4 survivors (4096K)
 Metaspace       used 142157K, capacity 146054K, committed 146256K, reserved 1175552K
  class space    used 18634K, capacity 20034K, committed 20128K, reserved 1048576K
}
Event: 812.067 GC heap before
{Heap before GC invocations=80 (full 0):
 garbage-first heap   total 290816K, used 252845K [0x0000000080000000, 0x0000000100000000)
  region size 1024K, 25 young (25600K), 4 survivors (4096K)
 Metaspace       used 143790K, capacity 147710K, committed 147920K, reserved 1177600K
  class space    used 18764K, capacity 20178K, committed 20256K, reserved 1048576K
}
Event: 812.075 GC heap after
{Heap after GC invocations=81 (full 0):
 garbage-first heap   total 290816K, used 234977K [0x0000000080000000, 0x0000000100000000)
  region size 1024K, 3 young (3072K), 3 survivors (3072K)
 Metaspace       used 143790K, capacity 147710K, committed 147920K, reserved 1177600K
  class space    used 18764K, capacity 20178K, committed 20256K, reserved 1048576K
}
Event: 812.479 GC heap before
{Heap before GC invocations=81 (full 0):
 garbage-first heap   total 290816K, used 253409K [0x0000000080000000, 0x0000000100000000)
  region size 1024K, 22 young (22528K), 3 survivors (3072K)
 Metaspace       used 144479K, capacity 148487K, committed 148816K, reserved 1177600K
  class space    used 18862K, capacity 20296K, committed 20384K, reserved 1048576K
}
Event: 812.487 GC heap after
{Heap after GC invocations=82 (full 0):
 garbage-first heap   total 290816K, used 236541K [0x0000000080000000, 0x0000000100000000)
  region size 1024K, 2 young (2048K), 2 survivors (2048K)
 Metaspace       used 144479K, capacity 148487K, committed 148816K, reserved 1177600K
  class space    used 18862K, capacity 20296K, committed 20384K, reserved 1048576K
}
Event: 813.214 GC heap before
{Heap before GC invocations=83 (full 0):
 garbage-first heap   total 290816K, used 253949K [0x0000000080000000, 0x0000000100000000)
  region size 1024K, 20 young (20480K), 2 survivors (2048K)
 Metaspace       used 144759K, capacity 148739K, committed 148816K, reserved 1177600K
  class space    used 18897K, capacity 20314K, committed 20384K, reserved 1048576K
}
Event: 813.220 GC heap after
{Heap after GC invocations=84 (full 0):
 garbage-first heap   total 290816K, used 237295K [0x0000000080000000, 0x0000000100000000)
  region size 1024K, 3 young (3072K), 3 survivors (3072K)
 Metaspace       used 144759K, capacity 148739K, committed 148816K, reserved 1177600K
  class space    used 18897K, capacity 20314K, committed 20384K, reserved 1048576K
}
Event: 813.960 GC heap before
{Heap before GC invocations=84 (full 0):
 garbage-first heap   total 290816K, used 247535K [0x0000000080000000, 0x0000000100000000)
  region size 1024K, 14 young (14336K), 3 survivors (3072K)
 Metaspace       used 144932K, capacity 148972K, committed 149072K, reserved 1177600K
  class space    used 18929K, capacity 20351K, committed 20384K, reserved 1048576K
}
Event: 813.966 GC heap after
{Heap after GC invocations=85 (full 0):
 garbage-first heap   total 290816K, used 237805K [0x0000000080000000, 0x0000000100000000)
  region size 1024K, 2 young (2048K), 2 survivors (2048K)
 Metaspace       used 144932K, capacity 148972K, committed 149072K, reserved 1177600K
  class space    used 18929K, capacity 20351K, committed 20384K, reserved 1048576K
}
Event: 815.419 GC heap before
{Heap before GC invocations=85 (full 0):
 garbage-first heap   total 290816K, used 255213K [0x0000000080000000, 0x0000000100000000)
  region size 1024K, 19 young (19456K), 2 survivors (2048K)
 Metaspace       used 147096K, capacity 151130K, committed 151248K, reserved 1179648K
  class space    used 19201K, capacity 20665K, committed 20768K, reserved 1048576K
}
Event: 815.424 GC heap after
{Heap after GC invocations=86 (full 0):
 garbage-first heap   total 290816K, used 238158K [0x0000000080000000, 0x0000000100000000)
  region size 1024K, 2 young (2048K), 2 survivors (2048K)
 Metaspace       used 147096K, capacity 151130K, committed 151248K, reserved 1179648K
  class space    used 19201K, capacity 20665K, committed 20768K, reserved 1048576K
}
Event: 816.312 GC heap before
{Heap before GC invocations=87 (full 0):
 garbage-first heap   total 290816K, used 255566K [0x0000000080000000, 0x0000000100000000)
  region size 1024K, 19 young (19456K), 2 survivors (2048K)
 Metaspace       used 147411K, capacity 151450K, committed 151760K, reserved 1179648K
  class space    used 19201K, capacity 20665K, committed 20768K, reserved 1048576K
}
Event: 816.317 GC heap after
{Heap after GC invocations=88 (full 0):
 garbage-first heap   total 290816K, used 239137K [0x0000000080000000, 0x0000000100000000)
  region size 1024K, 3 young (3072K), 3 survivors (3072K)
 Metaspace       used 147411K, capacity 151450K, committed 151760K, reserved 1179648K
  class space    used 19201K, capacity 20665K, committed 20768K, reserved 1048576K
}
Event: 816.869 GC heap before
{Heap before GC invocations=88 (full 0):
 garbage-first heap   total 290816K, used 255521K [0x0000000080000000, 0x0000000100000000)
  region size 1024K, 19 young (19456K), 3 survivors (3072K)
 Metaspace       used 147563K, capacity 151706K, committed 152016K, reserved 1181696K
  class space    used 19201K, capacity 20665K, committed 20768K, reserved 1048576K
}
Event: 816.881 GC heap after
{Heap after GC invocations=89 (full 0):
 garbage-first heap   total 290816K, used 241095K [0x0000000080000000, 0x0000000100000000)
  region size 1024K, 3 young (3072K), 3 survivors (3072K)
 Metaspace       used 147563K, capacity 151706K, committed 152016K, reserved 1181696K
  class space    used 19201K, capacity 20665K, committed 20768K, reserved 1048576K
}
Event: 817.659 GC heap before
{Heap before GC invocations=90 (full 0):
 garbage-first heap   total 290816K, used 255431K [0x0000000080000000, 0x0000000100000000)
  region size 1024K, 18 young (18432K), 3 survivors (3072K)
 Metaspace       used 147584K, capacity 151706K, committed 152016K, reserved 1181696K
  class space    used 19201K, capacity 20665K, committed 20768K, reserved 1048576K
}
Event: 817.668 GC heap after
{Heap after GC invocations=91 (full 0):
 garbage-first heap   total 290816K, used 245293K [0x0000000080000000, 0x0000000100000000)
  region size 1024K, 3 young (3072K), 3 survivors (3072K)
 Metaspace       used 147584K, capacity 151706K, committed 152016K, reserved 1181696K
  class space    used 19201K, capacity 20665K, committed 20768K, reserved 1048576K
}

