# JRE version: OpenJDK Runtime Environment (11.0.15) (build 11.0.15+0-b2043.56-8887301)
# Java VM: OpenJDK 64-Bit Server VM (11.0.15+0-b2043.56-8887301, mixed mode, tiered, compressed oops, g1 gc, windows-amd64)
Heap:
 garbage-first heap   total 336896K, used 242552K [0x0000000080000000, 0x0000000100000000)
  region size 1024K, 22 young (22528K), 2 survivors (2048K)
 Metaspace       used 151455K, capacity 155923K, committed 156240K, reserved 1185792K
  class space    used 19209K, capacity 20814K, committed 20940K, reserved 1048576K
GC Heap History (20 events):
Event: 1438.085 GC heap before
{Heap before GC invocations=92 (full 0):
 garbage-first heap   total 336896K, used 264267K [0x0000000080000000, 0x0000000100000000)
  region size 1024K, 63 young (64512K), 6 survivors (6144K)
 Metaspace       used 137847K, capacity 141973K, committed 142032K, reserved 1171456K
  class space    used 17740K, capacity 19248K, committed 19276K, reserved 1048576K
}
Event: 1438.095 GC heap after
{Heap after GC invocations=93 (full 0):
 garbage-first heap   total 336896K, used 210616K [0x0000000080000000, 0x0000000100000000)
  region size 1024K, 6 young (6144K), 6 survivors (6144K)
 Metaspace       used 137847K, capacity 141973K, committed 142032K, reserved 1171456K
  class space    used 17740K, capacity 19248K, committed 19276K, reserved 1048576K
}
Event: 1438.796 GC heap before
{Heap before GC invocations=93 (full 0):
 garbage-first heap   total 336896K, used 253624K [0x0000000080000000, 0x0000000100000000)
  region size 1024K, 50 young (51200K), 6 survivors (6144K)
 Metaspace       used 139393K, capacity 143486K, committed 143824K, reserved 1173504K
  class space    used 17907K, capacity 19419K, committed 19532K, reserved 1048576K
}
Event: 1438.817 GC heap after
{Heap after GC invocations=94 (full 0):
 garbage-first heap   total 336896K, used 213768K [0x0000000080000000, 0x0000000100000000)
  region size 1024K, 7 young (7168K), 7 survivors (7168K)
 Metaspace       used 139393K, capacity 143486K, committed 143824K, reserved 1173504K
  class space    used 17907K, capacity 19419K, committed 19532K, reserved 1048576K
}
Event: 1439.955 GC heap before
{Heap before GC invocations=95 (full 0):
 garbage-first heap   total 336896K, used 273160K [0x0000000080000000, 0x0000000100000000)
  region size 1024K, 64 young (65536K), 7 survivors (7168K)
 Metaspace       used 143330K, capacity 147481K, committed 147792K, reserved 1177600K
  class space    used 18289K, capacity 19787K, committed 19916K, reserved 1048576K
}
Event: 1439.968 GC heap after
{Heap after GC invocations=96 (full 0):
 garbage-first heap   total 336896K, used 215432K [0x0000000080000000, 0x0000000100000000)
  region size 1024K, 5 young (5120K), 5 survivors (5120K)
 Metaspace       used 143330K, capacity 147481K, committed 147792K, reserved 1177600K
  class space    used 18289K, capacity 19787K, committed 19916K, reserved 1048576K
}
Event: 1440.268 GC heap before
{Heap before GC invocations=96 (full 0):
 garbage-first heap   total 336896K, used 226696K [0x0000000080000000, 0x0000000100000000)
  region size 1024K, 16 young (16384K), 5 survivors (5120K)
 Metaspace       used 143344K, capacity 147481K, committed 147792K, reserved 1177600K
  class space    used 18289K, capacity 19787K, committed 19916K, reserved 1048576K
}
Event: 1440.287 GC heap after
{Heap after GC invocations=97 (full 0):
 garbage-first heap   total 336896K, used 212525K [0x0000000080000000, 0x0000000100000000)
  region size 1024K, 2 young (2048K), 2 survivors (2048K)
 Metaspace       used 143344K, capacity 147481K, committed 147792K, reserved 1177600K
  class space    used 18289K, capacity 19787K, committed 19916K, reserved 1048576K
}
Event: 1827.401 GC heap before
{Heap before GC invocations=97 (full 0):
 garbage-first heap   total 336896K, used 271917K [0x0000000080000000, 0x0000000100000000)
  region size 1024K, 61 young (62464K), 2 survivors (2048K)
 Metaspace       used 144701K, capacity 149094K, committed 149200K, reserved 1179648K
  class space    used 18430K, capacity 19959K, committed 20044K, reserved 1048576K
}
Event: 1827.412 GC heap after
{Heap after GC invocations=98 (full 0):
 garbage-first heap   total 336896K, used 215718K [0x0000000080000000, 0x0000000100000000)
  region size 1024K, 5 young (5120K), 5 survivors (5120K)
 Metaspace       used 144701K, capacity 149094K, committed 149200K, reserved 1179648K
  class space    used 18430K, capacity 19959K, committed 20044K, reserved 1048576K
}
Event: 1828.611 GC heap before
{Heap before GC invocations=99 (full 0):
 garbage-first heap   total 336896K, used 276134K [0x0000000080000000, 0x0000000100000000)
  region size 1024K, 64 young (65536K), 5 survivors (5120K)
 Metaspace       used 146415K, capacity 150632K, committed 150864K, reserved 1179648K
  class space    used 18610K, capacity 20118K, committed 20172K, reserved 1048576K
}
Event: 1828.625 GC heap after
{Heap after GC invocations=100 (full 0):
 garbage-first heap   total 336896K, used 221803K [0x0000000080000000, 0x0000000100000000)
  region size 1024K, 8 young (8192K), 8 survivors (8192K)
 Metaspace       used 146415K, capacity 150632K, committed 150864K, reserved 1179648K
  class space    used 18610K, capacity 20118K, committed 20172K, reserved 1048576K
}
Event: 1828.736 GC heap before
{Heap before GC invocations=100 (full 0):
 garbage-first heap   total 336896K, used 229995K [0x0000000080000000, 0x0000000100000000)
  region size 1024K, 16 young (16384K), 8 survivors (8192K)
 Metaspace       used 146424K, capacity 150635K, committed 150864K, reserved 1179648K
  class space    used 18612K, capacity 20119K, committed 20172K, reserved 1048576K
}
Event: 1828.748 GC heap after
{Heap after GC invocations=101 (full 0):
 garbage-first heap   total 336896K, used 222796K [0x0000000080000000, 0x0000000100000000)
  region size 1024K, 2 young (2048K), 2 survivors (2048K)
 Metaspace       used 146424K, capacity 150635K, committed 150864K, reserved 1179648K
  class space    used 18612K, capacity 20119K, committed 20172K, reserved 1048576K
}
Event: 1829.883 GC heap before
{Heap before GC invocations=101 (full 0):
 garbage-first heap   total 336896K, used 279116K [0x0000000080000000, 0x0000000100000000)
  region size 1024K, 58 young (59392K), 2 survivors (2048K)
 Metaspace       used 148402K, capacity 152791K, committed 153040K, reserved 1181696K
  class space    used 18880K, capacity 20437K, committed 20556K, reserved 1048576K
}
Event: 1829.895 GC heap after
{Heap after GC invocations=102 (full 0):
 garbage-first heap   total 336896K, used 227828K [0x0000000080000000, 0x0000000100000000)
  region size 1024K, 7 young (7168K), 7 survivors (7168K)
 Metaspace       used 148402K, capacity 152791K, committed 153040K, reserved 1181696K
  class space    used 18880K, capacity 20437K, committed 20556K, reserved 1048576K
}
Event: 1832.441 GC heap before
{Heap before GC invocations=103 (full 0):
 garbage-first heap   total 336896K, used 281076K [0x0000000080000000, 0x0000000100000000)
  region size 1024K, 61 young (62464K), 7 survivors (7168K)
 Metaspace       used 151322K, capacity 155859K, committed 156240K, reserved 1185792K
  class space    used 19209K, capacity 20814K, committed 20940K, reserved 1048576K
}
Event: 1832.457 GC heap after
{Heap after GC invocations=104 (full 0):
 garbage-first heap   total 336896K, used 229736K [0x0000000080000000, 0x0000000100000000)
  region size 1024K, 3 young (3072K), 3 survivors (3072K)
 Metaspace       used 151322K, capacity 155859K, committed 156240K, reserved 1185792K
  class space    used 19209K, capacity 20814K, committed 20940K, reserved 1048576K
}
Event: 1832.971 GC heap before
{Heap before GC invocations=104 (full 0):
 garbage-first heap   total 336896K, used 243048K [0x0000000080000000, 0x0000000100000000)
  region size 1024K, 16 young (16384K), 3 survivors (3072K)
 Metaspace       used 151424K, capacity 155923K, committed 156240K, reserved 1185792K
  class space    used 19209K, capacity 20814K, committed 20940K, reserved 1048576K
}
Event: 1832.985 GC heap after
{Heap after GC invocations=105 (full 0):
 garbage-first heap   total 336896K, used 224120K [0x0000000080000000, 0x0000000100000000)
  region size 1024K, 2 young (2048K), 2 survivors (2048K)
 Metaspace       used 151424K, capacity 155923K, committed 156240K, reserved 1185792K
  class space    used 19209K, capacity 20814K, committed 20940K, reserved 1048576K
}

